2016-07-17 15:24:58,098 [Worker-7] INFO  o.e.m.c.i.l.LifecycleMappingFactory - Using org.eclipse.m2e.jdt.JarLifecycleMapping lifecycle mapping for MavenProject: MavenDemo:MavenDemo:0.0.1-SNAPSHOT @ D:\Rakhi\MavenDemo\MavenDemo\pom.xml.
2016-07-17 15:25:01,643 [Worker-8] WARN  o.e.m.c.i.embedder.EclipseLogger - Using platform encoding (Cp1252 actually) to copy filtered resources, i.e. build is platform dependent!
2016-07-17 15:25:01,645 [Worker-8] INFO  o.e.m.c.i.embedder.EclipseLogger - skip non existing resourceDirectory D:\Rakhi\MavenDemo\MavenDemo\src\main\resources
2016-07-17 15:25:01,649 [Worker-8] WARN  o.e.m.c.i.embedder.EclipseLogger - Using platform encoding (Cp1252 actually) to copy filtered resources, i.e. build is platform dependent!
2016-07-17 15:25:01,650 [Worker-8] INFO  o.e.m.c.i.embedder.EclipseLogger - skip non existing resourceDirectory D:\Rakhi\MavenDemo\MavenDemo\src\test\resources
2016-07-17 15:25:01,699 [Worker-7] INFO  o.e.m.j.i.AbstractJavaProjectConfigurator - Adding source folder /MavenDemo/src
2016-07-17 15:25:01,700 [Worker-7] INFO  o.e.m.j.i.AbstractJavaProjectConfigurator - Not adding source folder /MavenDemo/src/test/java because it overlaps with /MavenDemo/src
2016-07-17 15:25:02,037 [Worker-7] INFO  o.e.m.c.i.p.ProjectConfigurationManager - Update started
2016-07-17 15:25:03,117 [Worker-7] INFO  o.e.m.c.i.l.LifecycleMappingFactory - Using org.eclipse.m2e.jdt.JarLifecycleMapping lifecycle mapping for MavenProject: MavenDemo:MavenDemo:0.0.1-SNAPSHOT @ D:\Rakhi\MavenDemo\MavenDemo\pom.xml.
2016-07-17 15:25:03,968 [Worker-4] WARN  o.e.m.c.i.embedder.EclipseLogger - Using platform encoding (Cp1252 actually) to copy filtered resources, i.e. build is platform dependent!
2016-07-17 15:25:03,970 [Worker-4] INFO  o.e.m.c.i.embedder.EclipseLogger - skip non existing resourceDirectory D:\Rakhi\MavenDemo\MavenDemo\src\main\resources
2016-07-17 15:25:03,974 [Worker-4] WARN  o.e.m.c.i.embedder.EclipseLogger - Using platform encoding (Cp1252 actually) to copy filtered resources, i.e. build is platform dependent!
2016-07-17 15:25:03,975 [Worker-4] INFO  o.e.m.c.i.embedder.EclipseLogger - skip non existing resourceDirectory D:\Rakhi\MavenDemo\MavenDemo\src\test\resources
2016-07-17 15:25:04,599 [Worker-7] INFO  o.e.m.j.i.AbstractJavaProjectConfigurator - Adding source folder /MavenDemo/src
2016-07-17 15:25:04,600 [Worker-7] INFO  o.e.m.j.i.AbstractJavaProjectConfigurator - Not adding source folder /MavenDemo/src/test/java because it overlaps with /MavenDemo/src
2016-07-17 15:25:04,684 [Worker-7] INFO  o.e.m.c.i.p.ProjectConfigurationManager - Update completed: 2 sec
2016-07-17 15:25:05,625 [Worker-17] WARN  o.e.m.c.i.embedder.EclipseLogger - Using platform encoding (Cp1252 actually) to copy filtered resources, i.e. build is platform dependent!
2016-07-17 15:25:05,626 [Worker-17] INFO  o.e.m.c.i.embedder.EclipseLogger - skip non existing resourceDirectory D:\Rakhi\MavenDemo\MavenDemo\src\main\resources
2016-07-17 15:25:05,628 [Worker-17] WARN  o.e.m.c.i.embedder.EclipseLogger - Using platform encoding (Cp1252 actually) to copy filtered resources, i.e. build is platform dependent!
2016-07-17 15:25:05,630 [Worker-17] INFO  o.e.m.c.i.embedder.EclipseLogger - skip non existing resourceDirectory D:\Rakhi\MavenDemo\MavenDemo\src\test\resources
2016-07-17 15:25:14,102 [Worker-3] WARN  o.e.m.c.i.embedder.EclipseLogger - Using platform encoding (Cp1252 actually) to copy filtered resources, i.e. build is platform dependent!
2016-07-17 15:25:14,104 [Worker-3] INFO  o.e.m.c.i.embedder.EclipseLogger - skip non existing resourceDirectory D:\Rakhi\MavenDemo\MavenDemo\src\main\resources
2016-07-17 15:25:14,106 [Worker-3] WARN  o.e.m.c.i.embedder.EclipseLogger - Using platform encoding (Cp1252 actually) to copy filtered resources, i.e. build is platform dependent!
2016-07-17 15:25:14,107 [Worker-3] INFO  o.e.m.c.i.embedder.EclipseLogger - skip non existing resourceDirectory D:\Rakhi\MavenDemo\MavenDemo\src\test\resources
2016-07-17 15:25:39,433 [Worker-2] WARN  o.e.m.c.i.embedder.EclipseLogger - Using platform encoding (Cp1252 actually) to copy filtered resources, i.e. build is platform dependent!
2016-07-17 15:25:39,434 [Worker-2] INFO  o.e.m.c.i.embedder.EclipseLogger - skip non existing resourceDirectory D:\Rakhi\MavenDemo\MavenDemo\src\main\resources
2016-07-17 15:25:39,436 [Worker-2] WARN  o.e.m.c.i.embedder.EclipseLogger - Using platform encoding (Cp1252 actually) to copy filtered resources, i.e. build is platform dependent!
2016-07-17 15:25:39,437 [Worker-2] INFO  o.e.m.c.i.embedder.EclipseLogger - skip non existing resourceDirectory D:\Rakhi\MavenDemo\MavenDemo\src\test\resources
2016-07-17 15:25:46,055 [Worker-10] WARN  o.e.m.c.i.embedder.EclipseLogger - Using platform encoding (Cp1252 actually) to copy filtered resources, i.e. build is platform dependent!
2016-07-17 15:25:46,057 [Worker-10] INFO  o.e.m.c.i.embedder.EclipseLogger - skip non existing resourceDirectory D:\Rakhi\MavenDemo\MavenDemo\src\main\resources
2016-07-17 15:25:46,058 [Worker-10] WARN  o.e.m.c.i.embedder.EclipseLogger - Using platform encoding (Cp1252 actually) to copy filtered resources, i.e. build is platform dependent!
2016-07-17 15:25:46,059 [Worker-10] INFO  o.e.m.c.i.embedder.EclipseLogger - skip non existing resourceDirectory D:\Rakhi\MavenDemo\MavenDemo\src\test\resources
2016-07-17 15:25:58,352 [Worker-13] WARN  o.e.m.c.i.embedder.EclipseLogger - Using platform encoding (Cp1252 actually) to copy filtered resources, i.e. build is platform dependent!
2016-07-17 15:25:58,353 [Worker-13] INFO  o.e.m.c.i.embedder.EclipseLogger - skip non existing resourceDirectory D:\Rakhi\MavenDemo\MavenDemo\src\main\resources
2016-07-17 15:25:58,354 [Worker-13] WARN  o.e.m.c.i.embedder.EclipseLogger - Using platform encoding (Cp1252 actually) to copy filtered resources, i.e. build is platform dependent!
2016-07-17 15:25:58,355 [Worker-13] INFO  o.e.m.c.i.embedder.EclipseLogger - skip non existing resourceDirectory D:\Rakhi\MavenDemo\MavenDemo\src\test\resources
2016-07-17 15:26:16,846 [Worker-6] WARN  o.e.m.c.i.embedder.EclipseLogger - Using platform encoding (Cp1252 actually) to copy filtered resources, i.e. build is platform dependent!
2016-07-17 15:26:16,848 [Worker-6] INFO  o.e.m.c.i.embedder.EclipseLogger - skip non existing resourceDirectory D:\Rakhi\MavenDemo\MavenDemo\src\main\resources
2016-07-17 15:26:16,851 [Worker-6] WARN  o.e.m.c.i.embedder.EclipseLogger - Using platform encoding (Cp1252 actually) to copy filtered resources, i.e. build is platform dependent!
2016-07-17 15:26:16,852 [Worker-6] INFO  o.e.m.c.i.embedder.EclipseLogger - skip non existing resourceDirectory D:\Rakhi\MavenDemo\MavenDemo\src\test\resources
2016-07-17 15:26:26,392 [Worker-6] WARN  o.e.m.c.i.embedder.EclipseLogger - Using platform encoding (Cp1252 actually) to copy filtered resources, i.e. build is platform dependent!
2016-07-17 15:26:26,393 [Worker-6] INFO  o.e.m.c.i.embedder.EclipseLogger - skip non existing resourceDirectory D:\Rakhi\MavenDemo\MavenDemo\src\main\resources
2016-07-17 15:26:26,396 [Worker-6] WARN  o.e.m.c.i.embedder.EclipseLogger - Using platform encoding (Cp1252 actually) to copy filtered resources, i.e. build is platform dependent!
2016-07-17 15:26:26,398 [Worker-6] INFO  o.e.m.c.i.embedder.EclipseLogger - skip non existing resourceDirectory D:\Rakhi\MavenDemo\MavenDemo\src\test\resources
2016-07-17 15:28:30,344 [Worker-12] WARN  o.e.m.c.i.embedder.EclipseLogger - Using platform encoding (Cp1252 actually) to copy filtered resources, i.e. build is platform dependent!
2016-07-17 15:28:30,345 [Worker-12] INFO  o.e.m.c.i.embedder.EclipseLogger - skip non existing resourceDirectory D:\Rakhi\MavenDemo\MavenDemo\src\main\resources
2016-07-17 15:28:30,347 [Worker-12] WARN  o.e.m.c.i.embedder.EclipseLogger - Using platform encoding (Cp1252 actually) to copy filtered resources, i.e. build is platform dependent!
2016-07-17 15:28:30,349 [Worker-12] INFO  o.e.m.c.i.embedder.EclipseLogger - skip non existing resourceDirectory D:\Rakhi\MavenDemo\MavenDemo\src\test\resources
2016-07-17 15:35:14,711 [Worker-22] INFO  o.e.m.c.i.l.LifecycleMappingFactory - Using org.eclipse.m2e.jdt.JarLifecycleMapping lifecycle mapping for MavenProject: MavenDemo:MavenDemo:0.0.1-SNAPSHOT @ D:\Rakhi\MavenDemo\MavenDemo\pom.xml.
2016-07-17 15:35:20,023 [Worker-22] WARN  o.e.m.c.i.embedder.EclipseLogger - Using platform encoding (Cp1252 actually) to copy filtered resources, i.e. build is platform dependent!
2016-07-17 15:35:20,025 [Worker-22] INFO  o.e.m.c.i.embedder.EclipseLogger - skip non existing resourceDirectory D:\Rakhi\MavenDemo\MavenDemo\src\main\resources
2016-07-17 15:35:20,028 [Worker-22] WARN  o.e.m.c.i.embedder.EclipseLogger - Using platform encoding (Cp1252 actually) to copy filtered resources, i.e. build is platform dependent!
2016-07-17 15:35:20,029 [Worker-22] INFO  o.e.m.c.i.embedder.EclipseLogger - skip non existing resourceDirectory D:\Rakhi\MavenDemo\MavenDemo\src\test\resources
2016-07-17 15:35:22,528 [Worker-14] WARN  o.e.m.c.i.embedder.EclipseLogger - Using platform encoding (Cp1252 actually) to copy filtered resources, i.e. build is platform dependent!
2016-07-17 15:35:22,529 [Worker-14] INFO  o.e.m.c.i.embedder.EclipseLogger - skip non existing resourceDirectory D:\Rakhi\MavenDemo\MavenDemo\src\main\resources
2016-07-17 15:35:22,531 [Worker-14] WARN  o.e.m.c.i.embedder.EclipseLogger - Using platform encoding (Cp1252 actually) to copy filtered resources, i.e. build is platform dependent!
2016-07-17 15:35:22,532 [Worker-14] INFO  o.e.m.c.i.embedder.EclipseLogger - skip non existing resourceDirectory D:\Rakhi\MavenDemo\MavenDemo\src\test\resources
2016-07-17 15:39:11,628 [Worker-24] INFO  o.e.m.c.i.l.LifecycleMappingFactory - Using org.eclipse.m2e.jdt.JarLifecycleMapping lifecycle mapping for MavenProject: MavenDemo:MavenDemo:0.0.1-SNAPSHOT @ D:\Rakhi\MavenDemo\MavenDemo\pom.xml.
2016-07-17 15:39:13,742 [Worker-24] INFO  o.e.m.c.i.e.AbstractTransferListenerAdapter - Downloading https://repo.maven.apache.org/maven2/org/testng/testng/6.8/testng-6.8.pom
2016-07-17 15:39:14,061 [Worker-24] INFO  o.e.m.c.i.e.AbstractTransferListenerAdapter - Downloaded https://repo.maven.apache.org/maven2/org/testng/testng/6.8/testng-6.8.pom
2016-07-17 15:39:14,386 [Worker-24] INFO  o.e.m.c.i.e.AbstractTransferListenerAdapter - Downloading https://repo.maven.apache.org/maven2/junit/junit/4.10/junit-4.10.pom
2016-07-17 15:39:14,699 [Worker-24] INFO  o.e.m.c.i.e.AbstractTransferListenerAdapter - Downloaded https://repo.maven.apache.org/maven2/junit/junit/4.10/junit-4.10.pom
2016-07-17 15:39:14,977 [Worker-24] INFO  o.e.m.c.i.e.AbstractTransferListenerAdapter - Downloading https://repo.maven.apache.org/maven2/org/hamcrest/hamcrest-core/1.1/hamcrest-core-1.1.pom
2016-07-17 15:39:15,285 [Worker-24] INFO  o.e.m.c.i.e.AbstractTransferListenerAdapter - Downloaded https://repo.maven.apache.org/maven2/org/hamcrest/hamcrest-core/1.1/hamcrest-core-1.1.pom
2016-07-17 15:39:15,558 [Worker-24] INFO  o.e.m.c.i.e.AbstractTransferListenerAdapter - Downloading https://repo.maven.apache.org/maven2/org/hamcrest/hamcrest-parent/1.1/hamcrest-parent-1.1.pom
2016-07-17 15:39:15,862 [Worker-24] INFO  o.e.m.c.i.e.AbstractTransferListenerAdapter - Downloaded https://repo.maven.apache.org/maven2/org/hamcrest/hamcrest-parent/1.1/hamcrest-parent-1.1.pom
2016-07-17 15:39:16,286 [Worker-24] INFO  o.e.m.c.i.e.AbstractTransferListenerAdapter - Downloading https://repo.maven.apache.org/maven2/com/beust/jcommander/1.27/jcommander-1.27.pom
2016-07-17 15:39:16,559 [Worker-24] INFO  o.e.m.c.i.e.AbstractTransferListenerAdapter - Downloaded https://repo.maven.apache.org/maven2/com/beust/jcommander/1.27/jcommander-1.27.pom
2016-07-17 15:39:16,842 [Worker-24] INFO  o.e.m.c.i.e.AbstractTransferListenerAdapter - Downloading https://repo.maven.apache.org/maven2/org/yaml/snakeyaml/1.6/snakeyaml-1.6.pom
2016-07-17 15:39:17,135 [Worker-24] INFO  o.e.m.c.i.e.AbstractTransferListenerAdapter - Downloaded https://repo.maven.apache.org/maven2/org/yaml/snakeyaml/1.6/snakeyaml-1.6.pom
2016-07-17 15:39:17,563 [Worker-24] INFO  o.e.m.c.i.e.AbstractTransferListenerAdapter - Downloading https://repo.maven.apache.org/maven2/org/testng/testng/6.8/testng-6.8.jar
2016-07-17 15:39:19,451 [Worker-24] INFO  o.e.m.c.i.e.AbstractTransferListenerAdapter - Downloaded https://repo.maven.apache.org/maven2/org/testng/testng/6.8/testng-6.8.jar
2016-07-17 15:39:19,717 [Worker-24] INFO  o.e.m.c.i.e.AbstractTransferListenerAdapter - Downloading https://repo.maven.apache.org/maven2/junit/junit/4.10/junit-4.10.jar
2016-07-17 15:39:20,582 [Worker-24] INFO  o.e.m.c.i.e.AbstractTransferListenerAdapter - Downloaded https://repo.maven.apache.org/maven2/junit/junit/4.10/junit-4.10.jar
2016-07-17 15:39:20,842 [Worker-24] INFO  o.e.m.c.i.e.AbstractTransferListenerAdapter - Downloading https://repo.maven.apache.org/maven2/org/hamcrest/hamcrest-core/1.1/hamcrest-core-1.1.jar
2016-07-17 15:39:21,175 [Worker-24] INFO  o.e.m.c.i.e.AbstractTransferListenerAdapter - Downloaded https://repo.maven.apache.org/maven2/org/hamcrest/hamcrest-core/1.1/hamcrest-core-1.1.jar
2016-07-17 15:39:21,460 [Worker-24] INFO  o.e.m.c.i.e.AbstractTransferListenerAdapter - Downloading https://repo.maven.apache.org/maven2/com/beust/jcommander/1.27/jcommander-1.27.jar
2016-07-17 15:39:21,754 [Worker-24] INFO  o.e.m.c.i.e.AbstractTransferListenerAdapter - Downloaded https://repo.maven.apache.org/maven2/com/beust/jcommander/1.27/jcommander-1.27.jar
2016-07-17 15:39:22,016 [Worker-24] INFO  o.e.m.c.i.e.AbstractTransferListenerAdapter - Downloading https://repo.maven.apache.org/maven2/org/yaml/snakeyaml/1.6/snakeyaml-1.6.jar
2016-07-17 15:39:24,204 [Worker-24] INFO  o.e.m.c.i.e.AbstractTransferListenerAdapter - Downloaded https://repo.maven.apache.org/maven2/org/yaml/snakeyaml/1.6/snakeyaml-1.6.jar
2016-07-17 15:39:26,494 [Worker-24] WARN  o.e.m.c.i.embedder.EclipseLogger - Using platform encoding (Cp1252 actually) to copy filtered resources, i.e. build is platform dependent!
2016-07-17 15:39:26,496 [Worker-24] INFO  o.e.m.c.i.embedder.EclipseLogger - skip non existing resourceDirectory D:\Rakhi\MavenDemo\MavenDemo\src\main\resources
2016-07-17 15:39:26,499 [Worker-24] WARN  o.e.m.c.i.embedder.EclipseLogger - Using platform encoding (Cp1252 actually) to copy filtered resources, i.e. build is platform dependent!
2016-07-17 15:39:26,500 [Worker-24] INFO  o.e.m.c.i.embedder.EclipseLogger - skip non existing resourceDirectory D:\Rakhi\MavenDemo\MavenDemo\src\test\resources
2016-07-17 15:39:28,787 [Worker-22] WARN  o.e.m.c.i.embedder.EclipseLogger - Using platform encoding (Cp1252 actually) to copy filtered resources, i.e. build is platform dependent!
2016-07-17 15:39:28,788 [Worker-22] INFO  o.e.m.c.i.embedder.EclipseLogger - skip non existing resourceDirectory D:\Rakhi\MavenDemo\MavenDemo\src\main\resources
2016-07-17 15:39:28,791 [Worker-22] WARN  o.e.m.c.i.embedder.EclipseLogger - Using platform encoding (Cp1252 actually) to copy filtered resources, i.e. build is platform dependent!
2016-07-17 15:39:28,793 [Worker-22] INFO  o.e.m.c.i.embedder.EclipseLogger - skip non existing resourceDirectory D:\Rakhi\MavenDemo\MavenDemo\src\test\resources
2016-07-17 16:16:16,028 [Worker-35] INFO  o.e.m.c.i.e.AbstractTransferListenerAdapter - Downloading https://repo.maven.apache.org/maven2/org/apache/maven/plugins/maven-surefire-plugin/2.19.1/maven-surefire-plugin-2.19.1.jar
2016-07-17 16:16:16,884 [Worker-35] INFO  o.e.m.c.i.e.AbstractTransferListenerAdapter - Downloaded https://repo.maven.apache.org/maven2/org/apache/maven/plugins/maven-surefire-plugin/2.19.1/maven-surefire-plugin-2.19.1.jar
2016-07-17 16:16:17,910 [Worker-35] INFO  o.e.m.c.i.l.LifecycleMappingFactory - Using org.eclipse.m2e.jdt.JarLifecycleMapping lifecycle mapping for MavenProject: MavenDemo:MavenDemo:0.0.1-SNAPSHOT @ D:\Rakhi\MavenDemo\MavenDemo\pom.xml.
2016-07-17 16:16:19,060 [Worker-35] WARN  o.e.m.c.i.embedder.EclipseLogger - Using platform encoding (Cp1252 actually) to copy filtered resources, i.e. build is platform dependent!
2016-07-17 16:16:19,061 [Worker-35] INFO  o.e.m.c.i.embedder.EclipseLogger - skip non existing resourceDirectory D:\Rakhi\MavenDemo\MavenDemo\src\main\resources
2016-07-17 16:16:19,064 [Worker-35] WARN  o.e.m.c.i.embedder.EclipseLogger - Using platform encoding (Cp1252 actually) to copy filtered resources, i.e. build is platform dependent!
2016-07-17 16:16:19,066 [Worker-35] INFO  o.e.m.c.i.embedder.EclipseLogger - skip non existing resourceDirectory D:\Rakhi\MavenDemo\MavenDemo\src\test\resources
2016-07-17 16:16:19,338 [Worker-35] INFO  o.e.m.c.i.e.AbstractTransferListenerAdapter - Downloading https://repo.maven.apache.org/maven2/org/apache/maven/plugins/maven-surefire-plugin/2.19.1/maven-surefire-plugin-2.19.1.pom
2016-07-17 16:16:19,633 [Worker-35] INFO  o.e.m.c.i.e.AbstractTransferListenerAdapter - Downloaded https://repo.maven.apache.org/maven2/org/apache/maven/plugins/maven-surefire-plugin/2.19.1/maven-surefire-plugin-2.19.1.pom
2016-07-17 16:16:19,910 [Worker-35] INFO  o.e.m.c.i.e.AbstractTransferListenerAdapter - Downloading https://repo.maven.apache.org/maven2/org/apache/maven/surefire/surefire/2.19.1/surefire-2.19.1.pom
2016-07-17 16:16:20,250 [Worker-35] INFO  o.e.m.c.i.e.AbstractTransferListenerAdapter - Downloaded https://repo.maven.apache.org/maven2/org/apache/maven/surefire/surefire/2.19.1/surefire-2.19.1.pom
2016-07-17 16:18:14,108 [Worker-35] INFO  o.e.m.i.launch.MavenLaunchDelegate - D:\Rakhi\MavenDemo\MavenDemo
2016-07-17 16:18:14,108 [Worker-35] INFO  o.e.m.i.launch.MavenLaunchDelegate -  mvn  -B install
2016-07-17 16:18:22,952 [Worker-27] WARN  o.e.m.c.i.embedder.EclipseLogger - Using platform encoding (Cp1252 actually) to copy filtered resources, i.e. build is platform dependent!
2016-07-17 16:18:22,955 [Worker-27] INFO  o.e.m.c.i.embedder.EclipseLogger - skip non existing resourceDirectory D:\Rakhi\MavenDemo\MavenDemo\src\main\resources
2016-07-17 16:18:22,960 [Worker-27] WARN  o.e.m.c.i.embedder.EclipseLogger - Using platform encoding (Cp1252 actually) to copy filtered resources, i.e. build is platform dependent!
2016-07-17 16:18:22,962 [Worker-27] INFO  o.e.m.c.i.embedder.EclipseLogger - skip non existing resourceDirectory D:\Rakhi\MavenDemo\MavenDemo\src\test\resources
2016-07-17 16:18:46,978 [Worker-35] INFO  o.e.m.i.launch.MavenLaunchDelegate - D:\Rakhi\MavenDemo\MavenDemo
2016-07-17 16:18:46,979 [Worker-35] INFO  o.e.m.i.launch.MavenLaunchDelegate -  mvn  -B install
2016-07-17 16:19:18,389 [Worker-40] WARN  o.e.m.c.i.embedder.EclipseLogger - Using platform encoding (Cp1252 actually) to copy filtered resources, i.e. build is platform dependent!
2016-07-17 16:19:18,391 [Worker-40] INFO  o.e.m.c.i.embedder.EclipseLogger - skip non existing resourceDirectory D:\Rakhi\MavenDemo\MavenDemo\src\main\resources
2016-07-17 16:19:18,394 [Worker-40] WARN  o.e.m.c.i.embedder.EclipseLogger - Using platform encoding (Cp1252 actually) to copy filtered resources, i.e. build is platform dependent!
2016-07-17 16:19:18,396 [Worker-40] INFO  o.e.m.c.i.embedder.EclipseLogger - skip non existing resourceDirectory D:\Rakhi\MavenDemo\MavenDemo\src\test\resources
2016-07-17 16:20:03,124 [Worker-27] INFO  o.e.m.i.launch.MavenLaunchDelegate - D:\Rakhi\MavenDemo\MavenDemo
2016-07-17 16:20:03,124 [Worker-27] INFO  o.e.m.i.launch.MavenLaunchDelegate -  mvn  -B test
2016-07-17 16:20:11,025 [Worker-26] WARN  o.e.m.c.i.embedder.EclipseLogger - Using platform encoding (Cp1252 actually) to copy filtered resources, i.e. build is platform dependent!
2016-07-17 16:20:11,028 [Worker-26] INFO  o.e.m.c.i.embedder.EclipseLogger - skip non existing resourceDirectory D:\Rakhi\MavenDemo\MavenDemo\src\main\resources
2016-07-17 16:20:11,030 [Worker-26] WARN  o.e.m.c.i.embedder.EclipseLogger - Using platform encoding (Cp1252 actually) to copy filtered resources, i.e. build is platform dependent!
2016-07-17 16:20:11,031 [Worker-26] INFO  o.e.m.c.i.embedder.EclipseLogger - skip non existing resourceDirectory D:\Rakhi\MavenDemo\MavenDemo\src\test\resources
2016-07-17 16:20:29,244 [Worker-38] INFO  o.e.m.i.launch.MavenLaunchDelegate - D:\Rakhi\MavenDemo\MavenDemo
2016-07-17 16:20:29,245 [Worker-38] INFO  o.e.m.i.launch.MavenLaunchDelegate -  mvn  -B install
2016-07-17 16:20:37,291 [Worker-40] WARN  o.e.m.c.i.embedder.EclipseLogger - Using platform encoding (Cp1252 actually) to copy filtered resources, i.e. build is platform dependent!
2016-07-17 16:20:37,292 [Worker-40] INFO  o.e.m.c.i.embedder.EclipseLogger - skip non existing resourceDirectory D:\Rakhi\MavenDemo\MavenDemo\src\main\resources
2016-07-17 16:20:37,294 [Worker-40] WARN  o.e.m.c.i.embedder.EclipseLogger - Using platform encoding (Cp1252 actually) to copy filtered resources, i.e. build is platform dependent!
2016-07-17 16:20:37,295 [Worker-40] INFO  o.e.m.c.i.embedder.EclipseLogger - skip non existing resourceDirectory D:\Rakhi\MavenDemo\MavenDemo\src\test\resources
2016-07-17 16:20:48,709 [Worker-36] INFO  o.e.m.i.launch.MavenLaunchDelegate - D:\Rakhi\MavenDemo\MavenDemo
2016-07-17 16:20:48,709 [Worker-36] INFO  o.e.m.i.launch.MavenLaunchDelegate -  mvn  -B test
2016-07-17 16:20:56,811 [Worker-27] WARN  o.e.m.c.i.embedder.EclipseLogger - Using platform encoding (Cp1252 actually) to copy filtered resources, i.e. build is platform dependent!
2016-07-17 16:20:56,812 [Worker-27] INFO  o.e.m.c.i.embedder.EclipseLogger - skip non existing resourceDirectory D:\Rakhi\MavenDemo\MavenDemo\src\main\resources
2016-07-17 16:20:56,814 [Worker-27] WARN  o.e.m.c.i.embedder.EclipseLogger - Using platform encoding (Cp1252 actually) to copy filtered resources, i.e. build is platform dependent!
2016-07-17 16:20:56,816 [Worker-27] INFO  o.e.m.c.i.embedder.EclipseLogger - skip non existing resourceDirectory D:\Rakhi\MavenDemo\MavenDemo\src\test\resources
2016-07-17 16:21:37,005 [Worker-26] INFO  o.e.m.i.launch.MavenLaunchDelegate - D:\Rakhi\MavenDemo\MavenDemo
2016-07-17 16:21:37,005 [Worker-26] INFO  o.e.m.i.launch.MavenLaunchDelegate -  mvn  -B test
2016-07-17 16:21:44,435 [Worker-41] WARN  o.e.m.c.i.embedder.EclipseLogger - Using platform encoding (Cp1252 actually) to copy filtered resources, i.e. build is platform dependent!
2016-07-17 16:21:44,438 [Worker-41] INFO  o.e.m.c.i.embedder.EclipseLogger - skip non existing resourceDirectory D:\Rakhi\MavenDemo\MavenDemo\src\main\resources
2016-07-17 16:21:44,441 [Worker-41] WARN  o.e.m.c.i.embedder.EclipseLogger - Using platform encoding (Cp1252 actually) to copy filtered resources, i.e. build is platform dependent!
2016-07-17 16:21:44,443 [Worker-41] INFO  o.e.m.c.i.embedder.EclipseLogger - skip non existing resourceDirectory D:\Rakhi\MavenDemo\MavenDemo\src\test\resources
2016-07-17 16:22:59,614 [Worker-41] WARN  o.e.m.c.i.embedder.EclipseLogger - Using platform encoding (Cp1252 actually) to copy filtered resources, i.e. build is platform dependent!
2016-07-17 16:22:59,615 [Worker-41] INFO  o.e.m.c.i.embedder.EclipseLogger - skip non existing resourceDirectory D:\Rakhi\MavenDemo\MavenDemo\src\main\resources
2016-07-17 16:22:59,620 [Worker-41] WARN  o.e.m.c.i.embedder.EclipseLogger - Using platform encoding (Cp1252 actually) to copy filtered resources, i.e. build is platform dependent!
2016-07-17 16:22:59,621 [Worker-41] INFO  o.e.m.c.i.embedder.EclipseLogger - skip non existing resourceDirectory D:\Rakhi\MavenDemo\MavenDemo\src\test\resources
2016-07-17 16:23:09,688 [Worker-42] INFO  o.e.m.i.launch.MavenLaunchDelegate - D:\Rakhi\MavenDemo\MavenDemo
2016-07-17 16:23:09,689 [Worker-42] INFO  o.e.m.i.launch.MavenLaunchDelegate -  mvn  -B install
2016-07-17 16:25:01,724 [Worker-41] WARN  o.e.m.c.i.embedder.EclipseLogger - Using platform encoding (Cp1252 actually) to copy filtered resources, i.e. build is platform dependent!
2016-07-17 16:25:01,726 [Worker-41] INFO  o.e.m.c.i.embedder.EclipseLogger - skip non existing resourceDirectory D:\Rakhi\MavenDemo\MavenDemo\src\main\resources
2016-07-17 16:25:01,728 [Worker-41] WARN  o.e.m.c.i.embedder.EclipseLogger - Using platform encoding (Cp1252 actually) to copy filtered resources, i.e. build is platform dependent!
2016-07-17 16:25:01,730 [Worker-41] INFO  o.e.m.c.i.embedder.EclipseLogger - skip non existing resourceDirectory D:\Rakhi\MavenDemo\MavenDemo\src\test\resources
2016-07-17 17:38:48,414 [Worker-60] WARN  o.e.m.c.i.embedder.EclipseLogger - Using platform encoding (Cp1252 actually) to copy filtered resources, i.e. build is platform dependent!
2016-07-17 17:38:48,472 [Worker-60] INFO  o.e.m.c.i.embedder.EclipseLogger - skip non existing resourceDirectory D:\Rakhi\MavenDemo\MavenDemo\src\main\resources
2016-07-17 17:38:48,474 [Worker-60] WARN  o.e.m.c.i.embedder.EclipseLogger - Using platform encoding (Cp1252 actually) to copy filtered resources, i.e. build is platform dependent!
2016-07-17 17:38:48,477 [Worker-60] INFO  o.e.m.c.i.embedder.EclipseLogger - skip non existing resourceDirectory D:\Rakhi\MavenDemo\MavenDemo\src\test\resources
2016-07-17 17:39:00,284 [Worker-61] WARN  o.e.m.c.i.embedder.EclipseLogger - Using platform encoding (Cp1252 actually) to copy filtered resources, i.e. build is platform dependent!
2016-07-17 17:39:00,286 [Worker-61] INFO  o.e.m.c.i.embedder.EclipseLogger - skip non existing resourceDirectory D:\Rakhi\MavenDemo\MavenDemo\src\main\resources
2016-07-17 17:39:00,329 [Worker-61] WARN  o.e.m.c.i.embedder.EclipseLogger - Using platform encoding (Cp1252 actually) to copy filtered resources, i.e. build is platform dependent!
2016-07-17 17:39:00,333 [Worker-61] INFO  o.e.m.c.i.embedder.EclipseLogger - skip non existing resourceDirectory D:\Rakhi\MavenDemo\MavenDemo\src\test\resources
2016-07-17 17:39:35,091 [Worker-54] INFO  o.e.m.i.launch.MavenLaunchDelegate - D:\Rakhi\MavenDemo\MavenDemo
2016-07-17 17:39:35,091 [Worker-54] INFO  o.e.m.i.launch.MavenLaunchDelegate -  mvn  -B install
2016-07-17 17:49:34,868 [Worker-57] INFO  o.e.m.c.i.l.LifecycleMappingFactory - Using org.eclipse.m2e.jdt.JarLifecycleMapping lifecycle mapping for MavenProject: MavenDemo:MavenDemo:0.0.1-SNAPSHOT @ D:\Rakhi\MavenDemo\MavenDemo\pom.xml.
2016-07-17 17:49:36,792 [Worker-57] INFO  o.e.m.c.i.e.AbstractTransferListenerAdapter - Downloading https://repo.maven.apache.org/maven2/org/seleniumhq/selenium/selenium-java/maven-metadata.xml
2016-07-17 17:49:37,204 [Worker-57] INFO  o.e.m.c.i.e.AbstractTransferListenerAdapter - Downloaded https://repo.maven.apache.org/maven2/org/seleniumhq/selenium/selenium-java/maven-metadata.xml
2016-07-17 17:49:40,336 [Worker-57] WARN  o.e.m.c.i.embedder.EclipseLogger - Using platform encoding (Cp1252 actually) to copy filtered resources, i.e. build is platform dependent!
2016-07-17 17:49:40,338 [Worker-57] INFO  o.e.m.c.i.embedder.EclipseLogger - skip non existing resourceDirectory D:\Rakhi\MavenDemo\MavenDemo\src\main\resources
2016-07-17 17:49:40,374 [Worker-57] WARN  o.e.m.c.i.embedder.EclipseLogger - Using platform encoding (Cp1252 actually) to copy filtered resources, i.e. build is platform dependent!
2016-07-17 17:49:40,375 [Worker-57] INFO  o.e.m.c.i.embedder.EclipseLogger - skip non existing resourceDirectory D:\Rakhi\MavenDemo\MavenDemo\src\test\resources
2016-07-17 17:49:42,191 [Worker-49] INFO  o.e.m.i.launch.MavenLaunchDelegate - D:\Rakhi\MavenDemo\MavenDemo
2016-07-17 17:49:42,191 [Worker-49] INFO  o.e.m.i.launch.MavenLaunchDelegate -  mvn  -B test
2016-07-31 13:44:44,734 [main] ERROR o.e.m2e.editor.pom.OverviewPage - Failed to populate overview panel
java.lang.NullPointerException: null
	at org.eclipse.m2e.core.ui.internal.editing.PomEdits.performOnDOMDocument(PomEdits.java:510) ~[org.eclipse.m2e.core.ui_1.6.2.20150902-0002.jar:na]
	at org.eclipse.m2e.editor.pom.OverviewPage$17.run(OverviewPage.java:1129) ~[na:na]
	at org.eclipse.swt.widgets.RunnableLock.run(RunnableLock.java:35) [org.eclipse.swt.win32.win32.x86_64_3.104.1.v20150825-0743.jar:na]
	at org.eclipse.swt.widgets.Synchronizer.runAsyncMessages(Synchronizer.java:135) [org.eclipse.swt.win32.win32.x86_64_3.104.1.v20150825-0743.jar:na]
	at org.eclipse.swt.widgets.Display.runAsyncMessages(Display.java:4155) [org.eclipse.swt.win32.win32.x86_64_3.104.1.v20150825-0743.jar:na]
	at org.eclipse.swt.widgets.Display.readAndDispatch(Display.java:3772) [org.eclipse.swt.win32.win32.x86_64_3.104.1.v20150825-0743.jar:na]
	at org.eclipse.e4.ui.internal.workbench.swt.PartRenderingEngine$4.run(PartRenderingEngine.java:1127) [org.eclipse.e4.ui.workbench.swt_0.13.0.v20150504-0621.jar:na]
	at org.eclipse.core.databinding.observable.Realm.runWithDefault(Realm.java:337) [org.eclipse.core.databinding.observable_1.5.0.v20150422-0725.jar:na]
	at org.eclipse.e4.ui.internal.workbench.swt.PartRenderingEngine.run(PartRenderingEngine.java:1018) [org.eclipse.e4.ui.workbench.swt_0.13.0.v20150504-0621.jar:na]
	at org.eclipse.e4.ui.internal.workbench.E4Workbench.createAndRunUI(E4Workbench.java:156) [org.eclipse.e4.ui.workbench_1.3.0.v20150531-1948.jar:na]
	at org.eclipse.ui.internal.Workbench$5.run(Workbench.java:654) [org.eclipse.ui.workbench_3.107.0.v20150825-2206.jar:na]
	at org.eclipse.core.databinding.observable.Realm.runWithDefault(Realm.java:337) [org.eclipse.core.databinding.observable_1.5.0.v20150422-0725.jar:na]
	at org.eclipse.ui.internal.Workbench.createAndRunWorkbench(Workbench.java:598) [org.eclipse.ui.workbench_3.107.0.v20150825-2206.jar:na]
	at org.eclipse.ui.PlatformUI.createAndRunWorkbench(PlatformUI.java:150) [org.eclipse.ui.workbench_3.107.0.v20150825-2206.jar:na]
	at org.eclipse.ui.internal.ide.application.IDEApplication.start(IDEApplication.java:139) [org.eclipse.ui.ide.application_1.1.0.v20150422-0725.jar:na]
	at org.eclipse.equinox.internal.app.EclipseAppHandle.run(EclipseAppHandle.java:196) [org.eclipse.equinox.app_1.3.300.v20150423-1356.jar:na]
	at org.eclipse.core.runtime.internal.adaptor.EclipseAppLauncher.runApplication(EclipseAppLauncher.java:134) [org.eclipse.osgi_3.10.101.v20150820-1432.jar:na]
	at org.eclipse.core.runtime.internal.adaptor.EclipseAppLauncher.start(EclipseAppLauncher.java:104) [org.eclipse.osgi_3.10.101.v20150820-1432.jar:na]
	at org.eclipse.core.runtime.adaptor.EclipseStarter.run(EclipseStarter.java:380) [org.eclipse.osgi_3.10.101.v20150820-1432.jar:na]
	at org.eclipse.core.runtime.adaptor.EclipseStarter.run(EclipseStarter.java:235) [org.eclipse.osgi_3.10.101.v20150820-1432.jar:na]
	at sun.reflect.NativeMethodAccessorImpl.invoke0(Native Method) ~[na:1.8.0_73]
	at sun.reflect.NativeMethodAccessorImpl.invoke(Unknown Source) ~[na:1.8.0_73]
	at sun.reflect.DelegatingMethodAccessorImpl.invoke(Unknown Source) ~[na:1.8.0_73]
	at java.lang.reflect.Method.invoke(Unknown Source) ~[na:1.8.0_73]
	at org.eclipse.equinox.launcher.Main.invokeFramework(Main.java:669) [org.eclipse.equinox.launcher_1.3.100.v20150511-1540.jar:na]
	at org.eclipse.equinox.launcher.Main.basicRun(Main.java:608) [org.eclipse.equinox.launcher_1.3.100.v20150511-1540.jar:na]
	at org.eclipse.equinox.launcher.Main.run(Main.java:1515) [org.eclipse.equinox.launcher_1.3.100.v20150511-1540.jar:na]
2016-07-31 14:28:50,681 [Worker-8] WARN  o.e.m.c.i.embedder.EclipseLogger - Using platform encoding (Cp1252 actually) to copy filtered resources, i.e. build is platform dependent!
2016-07-31 14:28:50,690 [Worker-8] INFO  o.e.m.c.i.embedder.EclipseLogger - skip non existing resourceDirectory D:\Rakhi\MavenDemo\MavenDemo\src\main\resources
2016-07-31 14:28:50,694 [Worker-8] WARN  o.e.m.c.i.embedder.EclipseLogger - Using platform encoding (Cp1252 actually) to copy filtered resources, i.e. build is platform dependent!
2016-07-31 14:28:50,695 [Worker-8] INFO  o.e.m.c.i.embedder.EclipseLogger - skip non existing resourceDirectory D:\Rakhi\MavenDemo\MavenDemo\src\test\resources
2016-08-07 14:27:13,280 [Worker-1] WARN  o.e.m.c.i.embedder.EclipseLogger - Using platform encoding (Cp1252 actually) to copy filtered resources, i.e. build is platform dependent!
2016-08-07 14:27:13,303 [Worker-1] INFO  o.e.m.c.i.embedder.EclipseLogger - skip non existing resourceDirectory D:\Rakhi\MavenDemo\MavenDemo\src\main\resources
2016-08-07 14:27:13,308 [Worker-1] WARN  o.e.m.c.i.embedder.EclipseLogger - Using platform encoding (Cp1252 actually) to copy filtered resources, i.e. build is platform dependent!
2016-08-07 14:27:13,310 [Worker-1] INFO  o.e.m.c.i.embedder.EclipseLogger - skip non existing resourceDirectory D:\Rakhi\MavenDemo\MavenDemo\src\test\resources
